Using pre-set license
Built from '2022.3/staging' branch; Version is '2022.3.6f1 (b9e6e7e9fa2d) revision 12183271'; Using compiler version '192829333'; Build Type 'Release'
OS: 'Windows 10  (10.0.19045) 64bit Core' Language: 'en' Physical Memory: 16221 MB
BatchMode: 1, IsHumanControllingUs: 0, StartBugReporterOnCrash: 0, Is64bit: 1, IsPro: 1

COMMAND LINE ARGUMENTS:
C:\Program Files\Unity\Hub\Editor\2022.3.6f1\Editor\Unity.exe
-adb2
-batchMode
-noUpm
-name
AssetImportWorker1
-projectPath
C:/Users/msumm/Documents/Unity Projects/Unity Haptic Project
-logFile
Logs/AssetImportWorker1.log
-srvPort
55284
Successfully changed project path to: C:/Users/msumm/Documents/Unity Projects/Unity Haptic Project
C:/Users/msumm/Documents/Unity Projects/Unity Haptic Project
[UnityMemory] Configuration Parameters - Can be set up in boot.config
    "memorysetup-bucket-allocator-granularity=16"
    "memorysetup-bucket-allocator-bucket-count=8"
    "memorysetup-bucket-allocator-block-size=33554432"
    "memorysetup-bucket-allocator-block-count=8"
    "memorysetup-main-allocator-block-size=16777216"
    "memorysetup-thread-allocator-block-size=16777216"
    "memorysetup-gfx-main-allocator-block-size=16777216"
    "memorysetup-gfx-thread-allocator-block-size=16777216"
    "memorysetup-cache-allocator-block-size=4194304"
    "memorysetup-typetree-allocator-block-size=2097152"
    "memorysetup-profiler-bucket-allocator-granularity=16"
    "memorysetup-profiler-bucket-allocator-bucket-count=8"
    "memorysetup-profiler-bucket-allocator-block-size=33554432"
    "memorysetup-profiler-bucket-allocator-block-count=8"
    "memorysetup-profiler-allocator-block-size=16777216"
    "memorysetup-profiler-editor-allocator-block-size=1048576"
    "memorysetup-temp-allocator-size-main=16777216"
    "memorysetup-job-temp-allocator-block-size=2097152"
    "memorysetup-job-temp-allocator-block-size-background=1048576"
    "memorysetup-job-temp-allocator-reduction-small-platforms=262144"
    "memorysetup-allocator-temp-initial-block-size-main=262144"
    "memorysetup-allocator-temp-initial-block-size-worker=262144"
    "memorysetup-temp-allocator-size-background-worker=32768"
    "memorysetup-temp-allocator-size-job-worker=262144"
    "memorysetup-temp-allocator-size-preload-manager=33554432"
    "memorysetup-temp-allocator-size-nav-mesh-worker=65536"
    "memorysetup-temp-allocator-size-audio-worker=65536"
    "memorysetup-temp-allocator-size-cloud-worker=32768"
    "memorysetup-temp-allocator-size-gi-baking-worker=262144"
    "memorysetup-temp-allocator-size-gfx=262144"
Player connection [4136] Host "[IP] 192.168.1.100 [Port] 0 [Flags] 2 [Guid] 3698829137 [EditorId] 3698829137 [Version] 1048832 [Id] WindowsEditor(7,LAPTOP-Q8MANLEI) [Debug] 1 [PackageName] WindowsEditor [ProjectName] Editor" joined multi-casting on [225.0.0.222:54997]...

Player connection [4136] Host "[IP] 192.168.1.100 [Port] 0 [Flags] 2 [Guid] 3698829137 [EditorId] 3698829137 [Version] 1048832 [Id] WindowsEditor(7,LAPTOP-Q8MANLEI) [Debug] 1 [PackageName] WindowsEditor [ProjectName] Editor" joined alternative multi-casting on [225.0.0.222:34997]...

Refreshing native plugins compatible for Editor in 49.62 ms, found 12 plugins.
Preloading 1 native plugins for Editor in 0.89 ms.
Initialize engine version: 2022.3.6f1 (b9e6e7e9fa2d)
[Subsystems] Discovering subsystems at path C:/Program Files/Unity/Hub/Editor/2022.3.6f1/Editor/Data/Resources/UnitySubsystems
[Subsystems] Discovering subsystems at path C:/Users/msumm/Documents/Unity Projects/Unity Haptic Project/Assets
GfxDevice: creating device client; threaded=0; jobified=0
Direct3D:
    Version:  Direct3D 11.0 [level 11.1]
    Renderer: NVIDIA GeForce GTX 1650 (ID=0x1f91)
    Vendor:   NVIDIA
    VRAM:     3935 MB
    Driver:   31.0.15.5152
Initialize mono
Mono path[0] = 'C:/Program Files/Unity/Hub/Editor/2022.3.6f1/Editor/Data/Managed'
Mono path[1] = 'C:/Program Files/Unity/Hub/Editor/2022.3.6f1/Editor/Data/MonoBleedingEdge/lib/mono/unityjit-win32'
Mono config path = 'C:/Program Files/Unity/Hub/Editor/2022.3.6f1/Editor/Data/MonoBleedingEdge/etc'
Using monoOptions --debugger-agent=transport=dt_socket,embedding=1,server=y,suspend=n,address=127.0.0.1:56432
Begin MonoManager ReloadAssembly
Registering precompiled unity dll's ...
Register platform support module: C:/Program Files/Unity/Hub/Editor/2022.3.6f1/Editor/Data/PlaybackEngines/AndroidPlayer/UnityEditor.Android.Extensions.dll
Register platform support module: C:/Program Files/Unity/Hub/Editor/2022.3.6f1/Editor/Data/PlaybackEngines/WindowsStandaloneSupport/UnityEditor.WindowsStandalone.Extensions.dll
Registered in 0.026464 seconds.
- Loaded All Assemblies, in  0.607 seconds
Native extension for WindowsStandalone target not found
Native extension for Android target not found
Android Extension - Scanning For ADB Devices 411 ms
Mono: successfully reloaded assembly
- Finished resetting the current domain, in  0.939 seconds
Domain Reload Profiling: 1543ms
	BeginReloadAssembly (151ms)
		ExecutionOrderSort (0ms)
		DisableScriptedObjects (0ms)
		BackupInstance (0ms)
		ReleaseScriptingObjects (0ms)
		CreateAndSetChildDomain (1ms)
	RebuildCommonClasses (56ms)
	RebuildNativeTypeToScriptingClass (16ms)
	initialDomainReloadingComplete (119ms)
	LoadAllAssembliesAndSetupDomain (260ms)
		LoadAssemblies (147ms)
		RebuildTransferFunctionScriptingTraits (0ms)
		AnalyzeDomain (247ms)
			TypeCache.Refresh (245ms)
				TypeCache.ScanAssembly (227ms)
			ScanForSourceGeneratedMonoScriptInfo (1ms)
			ResolveRequiredComponents (1ms)
	FinalizeReload (940ms)
		ReleaseScriptCaches (0ms)
		RebuildScriptCaches (0ms)
		SetupLoadedEditorAssemblies (845ms)
			LogAssemblyErrors (0ms)
			InitializePlatformSupportModulesInManaged (615ms)
			SetLoadedEditorAssemblies (5ms)
			RefreshPlugins (0ms)
			BeforeProcessingInitializeOnLoad (3ms)
			ProcessInitializeOnLoadAttributes (149ms)
			ProcessInitializeOnLoadMethodAttributes (72ms)
			AfterProcessingInitializeOnLoad (0ms)
			EditorAssembliesLoaded (0ms)
		ExecutionOrderSort2 (0ms)
		AwakeInstancesAfterBackupRestoration (0ms)
========================================================================
Worker process is ready to serve import requests
Begin MonoManager ReloadAssembly
Symbol file LoadedFromMemory doesn't match image C:\Users\msumm\Documents\Unity Projects\Unity Haptic Project\Library\PackageCache\com.unity.visualscripting@1.8.0\Editor\VisualScripting.Core\Dependencies\YamlDotNet\Unity.VisualScripting.YamlDotNet.dll
Symbol file LoadedFromMemory doesn't match image C:\Users\msumm\Documents\Unity Projects\Unity Haptic Project\Library\PackageCache\com.unity.visualscripting@1.8.0\Editor\VisualScripting.Core\Dependencies\DotNetZip\Unity.VisualScripting.IonicZip.dll
- Loaded All Assemblies, in  1.520 seconds
Refreshing native plugins compatible for Editor in 29.42 ms, found 12 plugins.
Native extension for WindowsStandalone target not found
Native extension for Android target not found
Package Manager log level set to [2]
[Package Manager] Server::EnsureServerProcessIsRunning -- launch failed, reason: Unity was launched with the -noUpm command-line argument
[Package Manager] UpmClient::Send -- Unable to send message (not connected to UPM process).
[Package Manager] Cannot connect to Unity Package Manager local server
[Package Manager] Server::EnsureServerProcessIsRunning -- launch failed, reason: Unity was launched with the -noUpm command-line argument
[Package Manager] UpmClient::Send -- Unable to send message (not connected to UPM process).
[Package Manager] Cannot connect to Unity Package Manager local server
System.Reflection.TargetInvocationException: Exception has been thrown by the target of an invocation. ---> System.NullReferenceException: Object reference not set to an instance of an object
  at Unity.XR.Oculus.OculusLoader.AssetPathToAbsolutePath (System.String assetPath) [0x0003d] in .\Library\PackageCache\com.unity.xr.oculus@4.0.0\Runtime\OculusLoader.cs:282 
  at Unity.XR.Oculus.OculusLoader.EditorLoadOVRPlugin () [0x0007b] in .\Library\PackageCache\com.unity.xr.oculus@4.0.0\Runtime\OculusLoader.cs:267 
  at (wrapper managed-to-native) System.Reflection.RuntimeMethodInfo.InternalInvoke(System.Reflection.RuntimeMethodInfo,object,object[],System.Exception&)
  at System.Reflection.RuntimeMethodInfo.Invoke (System.Object obj, System.Reflection.BindingFlags invokeAttr, System.Reflection.Binder binder, System.Object[] parameters, System.Globalization.CultureInfo culture) [0x0006a] in <eef08f56e2e042f1b3027eca477293d9>:0 
   --- End of inner exception stack trace ---
  at System.Reflection.RuntimeMethodInfo.Invoke (System.Object obj, System.Reflection.BindingFlags invokeAttr, System.Reflection.Binder binder, System.Object[] parameters, System.Globalization.CultureInfo culture) [0x00083] in <eef08f56e2e042f1b3027eca477293d9>:0 
  at System.Reflection.MethodBase.Invoke (System.Object obj, System.Object[] parameters) [0x00000] in <eef08f56e2e042f1b3027eca477293d9>:0 
  at UnityEditor.EditorAssemblies.ProcessInitializeOnLoadMethodAttributes () [0x000a5] in <347e3e2bef8c4deb82c9790c6e198135>:0 
UnityEngine.StackTraceUtility:ExtractStackTrace ()
UnityEngine.DebugLogHandler:LogFormat (UnityEngine.LogType,UnityEngine.Object,string,object[])
UnityEngine.Logger:Log (UnityEngine.LogType,object)
UnityEngine.Debug:LogError (object)
UnityEditor.EditorAssemblies:ProcessInitializeOnLoadMethodAttributes ()

Mono: successfully reloaded assembly
[Package Manager] Server::EnsureServerProcessIsRunning -- launch failed, reason: Unity was launched with the -noUpm command-line argument
[Package Manager] UpmClient::Send -- Unable to send message (not connected to UPM process).
[Package Manager] Cannot connect to Unity Package Manager local server
[Package Manager] Server::EnsureServerProcessIsRunning -- launch failed, reason: Unity was launched with the -noUpm command-line argument
[Package Manager] UpmClient::Send -- Unable to send message (not connected to UPM process).
[Package Manager] Cannot connect to Unity Package Manager local server
- Finished resetting the current domain, in  1.304 seconds
Domain Reload Profiling: 2811ms
	BeginReloadAssembly (231ms)
		ExecutionOrderSort (0ms)
		DisableScriptedObjects (10ms)
		BackupInstance (0ms)
		ReleaseScriptingObjects (0ms)
		CreateAndSetChildDomain (32ms)
	RebuildCommonClasses (63ms)
	RebuildNativeTypeToScriptingClass (21ms)
	initialDomainReloadingComplete (87ms)
	LoadAllAssembliesAndSetupDomain (1104ms)
		LoadAssemblies (580ms)
		RebuildTransferFunctionScriptingTraits (0ms)
		AnalyzeDomain (630ms)
			TypeCache.Refresh (573ms)
				TypeCache.ScanAssembly (549ms)
			ScanForSourceGeneratedMonoScriptInfo (38ms)
			ResolveRequiredComponents (19ms)
	FinalizeReload (1305ms)
		ReleaseScriptCaches (0ms)
		RebuildScriptCaches (0ms)
		SetupLoadedEditorAssemblies (961ms)
			LogAssemblyErrors (0ms)
			InitializePlatformSupportModulesInManaged (43ms)
			SetLoadedEditorAssemblies (7ms)
			RefreshPlugins (0ms)
			BeforeProcessingInitializeOnLoad (159ms)
			ProcessInitializeOnLoadAttributes (619ms)
			ProcessInitializeOnLoadMethodAttributes (113ms)
			AfterProcessingInitializeOnLoad (20ms)
			EditorAssembliesLoaded (0ms)
		ExecutionOrderSort2 (0ms)
		AwakeInstancesAfterBackupRestoration (10ms)
Launched and connected shader compiler UnityShaderCompiler.exe after 0.08 seconds
Refreshing native plugins compatible for Editor in 30.42 ms, found 12 plugins.
Preloading 1 native plugins for Editor in 0.12 ms.
Unloading 4770 Unused Serialized files (Serialized files now loaded: 0)
Unloading 82 unused Assets / (131.2 KB). Loaded Objects now: 5249.
Memory consumption went from 168.1 MB to 168.0 MB.
Total: 5.873100 ms (FindLiveObjects: 0.517500 ms CreateObjectMapping: 0.492000 ms MarkObjects: 4.627100 ms  DeleteObjects: 0.235300 ms)

AssetImportParameters requested are different than current active one (requested -> active):
  custom:container-demuxer-ogg: 62fdf1f143b41e24485cea50d1cbac27 -> 
  custom:video-decoder-ogg-theora: a1e56fd34408186e4bbccfd4996cb3dc -> 
  custom:framework-win-MediaFoundation: 216162199b28c13a410421893ffa2e32 -> 
  custom:CustomObjectIndexerAttribute: 756ad292c208cfabdd7b50bc23989ffe -> 
  custom:container-demuxer-webm: 4f35f7cbe854078d1ac9338744f61a02 -> 
  custom:container-muxer-webm: aa71ff27fc2769a1b78a27578f13a17b -> 
  custom:video-decoder-webm-vp8: 9c59270c3fd7afecdb556c50c9e8de78 -> 
  custom:SearchIndexIgnoredProperties: e643bd26f0fe6173181afceb89e7c659 -> 
  custom:AudioImporter_EditorPlatform: d09bf68614088b80899f8185d706f6e7 -> 
  custom:video-encoder-webm-vp8: eb34c28f22e8b96e1ab97ce403110664 -> 
  custom:audio-decoder-ogg-vorbis: bf7c407c2cedff20999df2af8eb42d56 -> 
  custom:audio-encoder-webm-vorbis: bf7c407c2cedff20999df2af8eb42d56 -> 
========================================================================
Received Import Request.
  Time since last request: 592345.974124 seconds.
  path: Assets/Materials_Fabric/4k JPEG/Fabric_carpet_02/Fabric_carpet_02_basecolor.jpg
  artifactKey: Guid(fb8fcaf726c540c4d8a607f2690055f2) Importer(815301076,1909f56bfc062723c751e8b465ee728b)
Start importing Assets/Materials_Fabric/4k JPEG/Fabric_carpet_02/Fabric_carpet_02_basecolor.jpg using Guid(fb8fcaf726c540c4d8a607f2690055f2) Importer(815301076,1909f56bfc062723c751e8b465ee728b)  -> (artifact id: '6999fea35560a40a7a2f61944f4508e7') in 0.132629 seconds
Number of updated asset objects reloaded before import = 0
Number of asset objects unloaded after import = 2
========================================================================
Received Import Request.
  Time since last request: 0.000034 seconds.
  path: Assets/Materials_Fabric/4k JPEG/Fabric_carpet_02/Fabric_carpet_02_normal.jpg
  artifactKey: Guid(9edb7d0747265014f827e399533fe0da) Importer(815301076,1909f56bfc062723c751e8b465ee728b)
Start importing Assets/Materials_Fabric/4k JPEG/Fabric_carpet_02/Fabric_carpet_02_normal.jpg using Guid(9edb7d0747265014f827e399533fe0da) Importer(815301076,1909f56bfc062723c751e8b465ee728b)  -> (artifact id: 'f8353d6d1e00f71a46d3ff61279ce3ad') in 0.045626 seconds
Number of updated asset objects reloaded before import = 0
Number of asset objects unloaded after import = 2
========================================================================
Received Import Request.
  Time since last request: 15.722688 seconds.
  path: Assets/Materials_Fabric/4k JPEG/Fabric_Craft_01/Fabric_Craft_01_basecolor.jpg
  artifactKey: Guid(79bf3648dbaa4cb4dbfa8fe6d856d897) Importer(815301076,1909f56bfc062723c751e8b465ee728b)
Start importing Assets/Materials_Fabric/4k JPEG/Fabric_Craft_01/Fabric_Craft_01_basecolor.jpg using Guid(79bf3648dbaa4cb4dbfa8fe6d856d897) Importer(815301076,1909f56bfc062723c751e8b465ee728b)  -> (artifact id: 'd9671c15bd18b23fe478dc632680bc7a') in 0.040739 seconds
Number of updated asset objects reloaded before import = 0
Number of asset objects unloaded after import = 2
========================================================================
Received Import Request.
  Time since last request: 0.000029 seconds.
  path: Assets/Materials_Fabric/4k JPEG/Fabric_Craft_01/Fabric_Craft_01_metallic.jpg
  artifactKey: Guid(8aa26c133e2b65c41a150c27fcfaa915) Importer(815301076,1909f56bfc062723c751e8b465ee728b)
Start importing Assets/Materials_Fabric/4k JPEG/Fabric_Craft_01/Fabric_Craft_01_metallic.jpg using Guid(8aa26c133e2b65c41a150c27fcfaa915) Importer(815301076,1909f56bfc062723c751e8b465ee728b)  -> (artifact id: '09f63c8957b2393d4b72e83782cd4e38') in 0.035248 seconds
Number of updated asset objects reloaded before import = 0
Number of asset objects unloaded after import = 2
========================================================================
Received Import Request.
  Time since last request: 0.000025 seconds.
  path: Assets/Materials_Fabric/4k JPEG/Fabric_Craft_01/Fabric_Craft_01_roughness.jpg
  artifactKey: Guid(849ebb1fa1999714a970a7609fd508b4) Importer(815301076,1909f56bfc062723c751e8b465ee728b)
Start importing Assets/Materials_Fabric/4k JPEG/Fabric_Craft_01/Fabric_Craft_01_roughness.jpg using Guid(849ebb1fa1999714a970a7609fd508b4) Importer(815301076,1909f56bfc062723c751e8b465ee728b)  -> (artifact id: '48c891d4b9afa40a0758e716ca60fdb3') in 0.048016 seconds
Number of updated asset objects reloaded before import = 0
Number of asset objects unloaded after import = 2
========================================================================
Received Import Request.
  Time since last request: 0.000023 seconds.
  path: Assets/Materials_Fabric/4k JPEG/Fabric_Craft_01/Fabric_Craft_01_height.jpg
  artifactKey: Guid(0c12443bdde14ff4c9cf1addddded99f) Importer(815301076,1909f56bfc062723c751e8b465ee728b)
Start importing Assets/Materials_Fabric/4k JPEG/Fabric_Craft_01/Fabric_Craft_01_height.jpg using Guid(0c12443bdde14ff4c9cf1addddded99f) Importer(815301076,1909f56bfc062723c751e8b465ee728b)  -> (artifact id: '20f9cbc17b3ce39c3e07e6b1f3a5121c') in 0.041311 seconds
Number of updated asset objects reloaded before import = 0
Number of asset objects unloaded after import = 2
========================================================================
Received Import Request.
  Time since last request: 1.325702 seconds.
  path: Assets/Materials_Fabric/4k JPEG/Fabric_carpet_01/Fabric_carpet_01_basecolor.jpg
  artifactKey: Guid(008bd3b4e5dad384fb8ca9b542b80ae8) Importer(815301076,1909f56bfc062723c751e8b465ee728b)
Start importing Assets/Materials_Fabric/4k JPEG/Fabric_carpet_01/Fabric_carpet_01_basecolor.jpg using Guid(008bd3b4e5dad384fb8ca9b542b80ae8) Importer(815301076,1909f56bfc062723c751e8b465ee728b)  -> (artifact id: '08106380175c3642f4da2be4a603617a') in 0.040290 seconds
Number of updated asset objects reloaded before import = 0
Number of asset objects unloaded after import = 2
========================================================================
Received Import Request.
  Time since last request: 0.000023 seconds.
  path: Assets/Materials_Fabric/4k JPEG/Fabric_carpet_01/Fabric_carpet_01_metallic.jpg
  artifactKey: Guid(bb423f0d2b6366f4e92ff754b6f2c1b4) Importer(815301076,1909f56bfc062723c751e8b465ee728b)
Start importing Assets/Materials_Fabric/4k JPEG/Fabric_carpet_01/Fabric_carpet_01_metallic.jpg using Guid(bb423f0d2b6366f4e92ff754b6f2c1b4) Importer(815301076,1909f56bfc062723c751e8b465ee728b)  -> (artifact id: '4103e77b2de4bafe792af09582015930') in 0.034082 seconds
Number of updated asset objects reloaded before import = 0
Number of asset objects unloaded after import = 2
========================================================================
Received Import Request.
  Time since last request: 0.000023 seconds.
  path: Assets/Materials_Fabric/4k JPEG/Fabric_carpet_01/Fabric_carpet_01_roughness.jpg
  artifactKey: Guid(16eedfe18a3b9a24e8579d4fb3214b3c) Importer(815301076,1909f56bfc062723c751e8b465ee728b)
Start importing Assets/Materials_Fabric/4k JPEG/Fabric_carpet_01/Fabric_carpet_01_roughness.jpg using Guid(16eedfe18a3b9a24e8579d4fb3214b3c) Importer(815301076,1909f56bfc062723c751e8b465ee728b)  -> (artifact id: '3cac7cc555ee50222e569da3a7c65db7') in 0.043067 seconds
Number of updated asset objects reloaded before import = 0
Number of asset objects unloaded after import = 2
========================================================================
Received Import Request.
  Time since last request: 1.130816 seconds.
  path: Assets/Materials_Fabric/4k JPEG/Fabric_Craft_02/Fabric_Craft_02_basecolor.jpg
  artifactKey: Guid(2e98328c0f5c01a4896a71086a81de77) Importer(815301076,1909f56bfc062723c751e8b465ee728b)
Start importing Assets/Materials_Fabric/4k JPEG/Fabric_Craft_02/Fabric_Craft_02_basecolor.jpg using Guid(2e98328c0f5c01a4896a71086a81de77) Importer(815301076,1909f56bfc062723c751e8b465ee728b)  -> (artifact id: '458ecd52dd1fa944c62111e271ba4a2e') in 0.043647 seconds
Number of updated asset objects reloaded before import = 0
Number of asset objects unloaded after import = 2
========================================================================
Received Import Request.
  Time since last request: 0.000030 seconds.
  path: Assets/Materials_Fabric/4k JPEG/Fabric_Craft_02/Fabric_Craft_02_normal.jpg
  artifactKey: Guid(4058fb86743a15245a5172099c64437a) Importer(815301076,1909f56bfc062723c751e8b465ee728b)
Start importing Assets/Materials_Fabric/4k JPEG/Fabric_Craft_02/Fabric_Craft_02_normal.jpg using Guid(4058fb86743a15245a5172099c64437a) Importer(815301076,1909f56bfc062723c751e8b465ee728b)  -> (artifact id: '3049bcdc821aa7f032cfea129bfb8bcf') in 0.033838 seconds
Number of updated asset objects reloaded before import = 0
Number of asset objects unloaded after import = 2
========================================================================
Received Import Request.
  Time since last request: 0.000102 seconds.
  path: Assets/Materials_Fabric/4k JPEG/Fabric_Craft_02/Fabric_Craft_02_height.jpg
  artifactKey: Guid(fb141cb9196c8444fa4b98f661813a12) Importer(815301076,1909f56bfc062723c751e8b465ee728b)
Start importing Assets/Materials_Fabric/4k JPEG/Fabric_Craft_02/Fabric_Craft_02_height.jpg using Guid(fb141cb9196c8444fa4b98f661813a12) Importer(815301076,1909f56bfc062723c751e8b465ee728b)  -> (artifact id: '9a693b89d2f1427cd4f1202a935abef9') in 0.034554 seconds
Number of updated asset objects reloaded before import = 0
Number of asset objects unloaded after import = 2
========================================================================
Received Import Request.
  Time since last request: 1.197844 seconds.
  path: Assets/Materials_Fabric/4k JPEG/Fabric_denim_01/Fabric_denim_01_basecolor.jpg
  artifactKey: Guid(65f02d55daa49624ca9724c97b06e6e2) Importer(815301076,1909f56bfc062723c751e8b465ee728b)
Start importing Assets/Materials_Fabric/4k JPEG/Fabric_denim_01/Fabric_denim_01_basecolor.jpg using Guid(65f02d55daa49624ca9724c97b06e6e2) Importer(815301076,1909f56bfc062723c751e8b465ee728b)  -> (artifact id: 'f8a026f685cffd5c66e5b31315d0b7b1') in 0.057384 seconds
Number of updated asset objects reloaded before import = 0
Number of asset objects unloaded after import = 2
========================================================================
Received Import Request.
  Time since last request: 0.000030 seconds.
  path: Assets/Materials_Fabric/4k JPEG/Fabric_denim_01/Fabric_denim_01_normal.jpg
  artifactKey: Guid(a65a60a0098928d4fbb671cab7f39a6a) Importer(815301076,1909f56bfc062723c751e8b465ee728b)
Start importing Assets/Materials_Fabric/4k JPEG/Fabric_denim_01/Fabric_denim_01_normal.jpg using Guid(a65a60a0098928d4fbb671cab7f39a6a) Importer(815301076,1909f56bfc062723c751e8b465ee728b)  -> (artifact id: 'ddb34aa695a2d64829b05af55ff0f41b') in 0.040615 seconds
Number of updated asset objects reloaded before import = 0
Number of asset objects unloaded after import = 2
========================================================================
Received Import Request.
  Time since last request: 0.000064 seconds.
  path: Assets/Materials_Fabric/4k JPEG/Fabric_denim_01/Fabric_denim_01_roughness.jpg
  artifactKey: Guid(6f7c4f3e1bbdbca4fa8b00ea85825c8b) Importer(815301076,1909f56bfc062723c751e8b465ee728b)
Start importing Assets/Materials_Fabric/4k JPEG/Fabric_denim_01/Fabric_denim_01_roughness.jpg using Guid(6f7c4f3e1bbdbca4fa8b00ea85825c8b) Importer(815301076,1909f56bfc062723c751e8b465ee728b)  -> (artifact id: '9bb91e9260fb33c45bba800dcaac18ce') in 0.038417 seconds
Number of updated asset objects reloaded before import = 0
Number of asset objects unloaded after import = 2
========================================================================
Received Import Request.
  Time since last request: 1.260012 seconds.
  path: Assets/Materials_Fabric/4k JPEG/Fabric_laces_01/Fabric_laces_01_basecolor.jpg
  artifactKey: Guid(a265f93e76cb8da48a1854febff95bfd) Importer(815301076,1909f56bfc062723c751e8b465ee728b)
Start importing Assets/Materials_Fabric/4k JPEG/Fabric_laces_01/Fabric_laces_01_basecolor.jpg using Guid(a265f93e76cb8da48a1854febff95bfd) Importer(815301076,1909f56bfc062723c751e8b465ee728b)  -> (artifact id: 'e1b55a0a71c079d8bbf592aaba6b3068') in 0.032287 seconds
Number of updated asset objects reloaded before import = 0
Number of asset objects unloaded after import = 2
========================================================================
Received Import Request.
  Time since last request: 0.000020 seconds.
  path: Assets/Materials_Fabric/4k JPEG/Fabric_laces_01/Fabric_laces_01_normal.jpg
  artifactKey: Guid(510f4d89065d96642aefb47702cfb0d2) Importer(815301076,1909f56bfc062723c751e8b465ee728b)
Start importing Assets/Materials_Fabric/4k JPEG/Fabric_laces_01/Fabric_laces_01_normal.jpg using Guid(510f4d89065d96642aefb47702cfb0d2) Importer(815301076,1909f56bfc062723c751e8b465ee728b)  -> (artifact id: 'cec564498f5e75c386c814495b9c7ee9') in 0.042364 seconds
Number of updated asset objects reloaded before import = 0
Number of asset objects unloaded after import = 2
========================================================================
Received Import Request.
  Time since last request: 0.000028 seconds.
  path: Assets/Materials_Fabric/4k JPEG/Fabric_laces_01/Fabric_laces_01_height.jpg
  artifactKey: Guid(1ba103cac9f03724ea700aa9e1ca4fd4) Importer(815301076,1909f56bfc062723c751e8b465ee728b)
Start importing Assets/Materials_Fabric/4k JPEG/Fabric_laces_01/Fabric_laces_01_height.jpg using Guid(1ba103cac9f03724ea700aa9e1ca4fd4) Importer(815301076,1909f56bfc062723c751e8b465ee728b)  -> (artifact id: 'f25e339a58fe0535182aa20561e384d5') in 0.037151 seconds
Number of updated asset objects reloaded before import = 0
Number of asset objects unloaded after import = 2
========================================================================
Received Import Request.
  Time since last request: 2.071875 seconds.
  path: Assets/Materials_Fabric/4k JPEG/Fabric_linen_01/Fabric_linen_01_basecolor.jpg
  artifactKey: Guid(624896b53cbe73d4b98e30fc0d223c9b) Importer(815301076,1909f56bfc062723c751e8b465ee728b)
Start importing Assets/Materials_Fabric/4k JPEG/Fabric_linen_01/Fabric_linen_01_basecolor.jpg using Guid(624896b53cbe73d4b98e30fc0d223c9b) Importer(815301076,1909f56bfc062723c751e8b465ee728b)  -> (artifact id: 'd39f532fb05b53c6440eca235631bb40') in 0.049864 seconds
Number of updated asset objects reloaded before import = 0
Number of asset objects unloaded after import = 2
========================================================================
Received Import Request.
  Time since last request: 0.000021 seconds.
  path: Assets/Materials_Fabric/4k JPEG/Fabric_linen_01/Fabric_linen_01_height.jpg
  artifactKey: Guid(42d678a3f2a20ac42971d55fffae6bc2) Importer(815301076,1909f56bfc062723c751e8b465ee728b)
Start importing Assets/Materials_Fabric/4k JPEG/Fabric_linen_01/Fabric_linen_01_height.jpg using Guid(42d678a3f2a20ac42971d55fffae6bc2) Importer(815301076,1909f56bfc062723c751e8b465ee728b)  -> (artifact id: 'b8d0160a48afa9e6f3824c1bef85366f') in 0.054173 seconds
Number of updated asset objects reloaded before import = 0
Number of asset objects unloaded after import = 2
========================================================================
Received Import Request.
  Time since last request: 0.000087 seconds.
  path: Assets/Materials_Fabric/4k JPEG/Fabric_linen_01/Fabric_linen_01_roughness.jpg
  artifactKey: Guid(631cf2a0c5f3efc4184edacf60b4b389) Importer(815301076,1909f56bfc062723c751e8b465ee728b)
Start importing Assets/Materials_Fabric/4k JPEG/Fabric_linen_01/Fabric_linen_01_roughness.jpg using Guid(631cf2a0c5f3efc4184edacf60b4b389) Importer(815301076,1909f56bfc062723c751e8b465ee728b)  -> (artifact id: 'f5d4ba67594fc13de2ef539b822d207d') in 0.046073 seconds
Number of updated asset objects reloaded before import = 0
Number of asset objects unloaded after import = 2
========================================================================
Received Import Request.
  Time since last request: 1.754995 seconds.
  path: Assets/Materials_Fabric/4k JPEG/Fabric_Pattern_01/Fabric_Pattern_01_basecolor.jpg
  artifactKey: Guid(7ed12be233c0ddb4eac36307205c7b68) Importer(815301076,1909f56bfc062723c751e8b465ee728b)
Start importing Assets/Materials_Fabric/4k JPEG/Fabric_Pattern_01/Fabric_Pattern_01_basecolor.jpg using Guid(7ed12be233c0ddb4eac36307205c7b68) Importer(815301076,1909f56bfc062723c751e8b465ee728b)  -> (artifact id: 'dc24cf34c06f2d30c84496413c15f65d') in 0.032387 seconds
Number of updated asset objects reloaded before import = 0
Number of asset objects unloaded after import = 2
========================================================================
Received Import Request.
  Time since last request: 0.000024 seconds.
  path: Assets/Materials_Fabric/4k JPEG/Fabric_Pattern_01/Fabric_Pattern_01_height.jpg
  artifactKey: Guid(70ba9ab52cf19724c803ca9073692b2c) Importer(815301076,1909f56bfc062723c751e8b465ee728b)
Start importing Assets/Materials_Fabric/4k JPEG/Fabric_Pattern_01/Fabric_Pattern_01_height.jpg using Guid(70ba9ab52cf19724c803ca9073692b2c) Importer(815301076,1909f56bfc062723c751e8b465ee728b)  -> (artifact id: 'f07c4123b9f01c1624310a15e3ee0ad2') in 0.037484 seconds
Number of updated asset objects reloaded before import = 0
Number of asset objects unloaded after import = 2
========================================================================
Received Import Request.
  Time since last request: 0.000027 seconds.
  path: Assets/Materials_Fabric/4k JPEG/Fabric_Pattern_01/Fabric_Pattern_01_normal.jpg
  artifactKey: Guid(df5d06f04893fc4488cab859fb42b561) Importer(815301076,1909f56bfc062723c751e8b465ee728b)
Start importing Assets/Materials_Fabric/4k JPEG/Fabric_Pattern_01/Fabric_Pattern_01_normal.jpg using Guid(df5d06f04893fc4488cab859fb42b561) Importer(815301076,1909f56bfc062723c751e8b465ee728b)  -> (artifact id: 'efecebfb315096a2ae3de33f6739353f') in 0.039851 seconds
Number of updated asset objects reloaded before import = 0
Number of asset objects unloaded after import = 2
========================================================================
Received Import Request.
  Time since last request: 0.970738 seconds.
  path: Assets/Materials_Fabric/4k JPEG/Fabric_roughPattern_01/Fabric_roughPattern_01_basecolor.jpg
  artifactKey: Guid(9da6a72766b43134fb4b8c38e8d973a7) Importer(815301076,1909f56bfc062723c751e8b465ee728b)
Start importing Assets/Materials_Fabric/4k JPEG/Fabric_roughPattern_01/Fabric_roughPattern_01_basecolor.jpg using Guid(9da6a72766b43134fb4b8c38e8d973a7) Importer(815301076,1909f56bfc062723c751e8b465ee728b)  -> (artifact id: '2b4b90bc38183a9e8a15d85692422fb4') in 0.042685 seconds
Number of updated asset objects reloaded before import = 0
Number of asset objects unloaded after import = 2
========================================================================
Received Import Request.
  Time since last request: 0.000032 seconds.
  path: Assets/Materials_Fabric/4k JPEG/Fabric_roughPattern_01/Fabric_roughPattern_01_height.jpg
  artifactKey: Guid(697b270d1a139664f92fcaf0848557b0) Importer(815301076,1909f56bfc062723c751e8b465ee728b)
Start importing Assets/Materials_Fabric/4k JPEG/Fabric_roughPattern_01/Fabric_roughPattern_01_height.jpg using Guid(697b270d1a139664f92fcaf0848557b0) Importer(815301076,1909f56bfc062723c751e8b465ee728b)  -> (artifact id: '47b9d7839c2d4123b69c1dd90dd5aba0') in 0.042380 seconds
Number of updated asset objects reloaded before import = 0
Number of asset objects unloaded after import = 2
========================================================================
Received Import Request.
  Time since last request: 0.000031 seconds.
  path: Assets/Materials_Fabric/4k JPEG/Fabric_roughPattern_01/Fabric_roughPattern_01_normal.jpg
  artifactKey: Guid(a993358f799a5f94a95a8ee2ae862f48) Importer(815301076,1909f56bfc062723c751e8b465ee728b)
Start importing Assets/Materials_Fabric/4k JPEG/Fabric_roughPattern_01/Fabric_roughPattern_01_normal.jpg using Guid(a993358f799a5f94a95a8ee2ae862f48) Importer(815301076,1909f56bfc062723c751e8b465ee728b)  -> (artifact id: '0c526474f4473514c9b7eff1d1ba92fd') in 0.048847 seconds
Number of updated asset objects reloaded before import = 0
Number of asset objects unloaded after import = 2
========================================================================
Received Import Request.
  Time since last request: 0.830336 seconds.
  path: Assets/Materials_Fabric/4k JPEG/Fabric_valvet_01/Fabric_valvet_01_basecolor.jpg
  artifactKey: Guid(5126c657fdd273840b8ca79240badc23) Importer(815301076,1909f56bfc062723c751e8b465ee728b)
Start importing Assets/Materials_Fabric/4k JPEG/Fabric_valvet_01/Fabric_valvet_01_basecolor.jpg using Guid(5126c657fdd273840b8ca79240badc23) Importer(815301076,1909f56bfc062723c751e8b465ee728b)  -> (artifact id: '777c632d348827696c24b3814b01c166') in 0.036806 seconds
Number of updated asset objects reloaded before import = 0
Number of asset objects unloaded after import = 2
========================================================================
Received Import Request.
  Time since last request: 0.000057 seconds.
  path: Assets/Materials_Fabric/4k JPEG/Fabric_valvet_01/Fabric_valvet_01_normal.jpg
  artifactKey: Guid(8ccd6439a9279c048b5640d0d27bb956) Importer(815301076,1909f56bfc062723c751e8b465ee728b)
Start importing Assets/Materials_Fabric/4k JPEG/Fabric_valvet_01/Fabric_valvet_01_normal.jpg using Guid(8ccd6439a9279c048b5640d0d27bb956) Importer(815301076,1909f56bfc062723c751e8b465ee728b)  -> (artifact id: '0c91f32e6bd7599db8408079970d5a85') in 0.043618 seconds
Number of updated asset objects reloaded before import = 0
Number of asset objects unloaded after import = 2
========================================================================
Received Import Request.
  Time since last request: 0.000026 seconds.
  path: Assets/Materials_Fabric/4k JPEG/Fabric_valvet_01/Fabric_valvet_01_height.jpg
  artifactKey: Guid(a6297ad3385199741ac9ed48b5d59b8b) Importer(815301076,1909f56bfc062723c751e8b465ee728b)
Start importing Assets/Materials_Fabric/4k JPEG/Fabric_valvet_01/Fabric_valvet_01_height.jpg using Guid(a6297ad3385199741ac9ed48b5d59b8b) Importer(815301076,1909f56bfc062723c751e8b465ee728b)  -> (artifact id: 'ed15561a493edcc9ab5317953c1489dc') in 0.042532 seconds
Number of updated asset objects reloaded before import = 0
Number of asset objects unloaded after import = 2
========================================================================
Received Import Request.
  Time since last request: 943.087933 seconds.
  path: Assets/Material_Metal_v2/4k JPEG/Metal_Feathers_01/Metal_Feathers_01_basecolor.jpg
  artifactKey: Guid(26fdfb227b0909f4baf775f0ec822092) Importer(815301076,1909f56bfc062723c751e8b465ee728b)
Start importing Assets/Material_Metal_v2/4k JPEG/Metal_Feathers_01/Metal_Feathers_01_basecolor.jpg using Guid(26fdfb227b0909f4baf775f0ec822092) Importer(815301076,1909f56bfc062723c751e8b465ee728b)  -> (artifact id: '44e1a4ddacfd571095ca21647bd6a948') in 0.057410 seconds
Number of updated asset objects reloaded before import = 0
Number of asset objects unloaded after import = 2
========================================================================
Received Import Request.
  Time since last request: 0.000032 seconds.
  path: Assets/Material_Metal_v2/4k JPEG/Metal_Feathers_01/Metal_Feathers_01_metallic.jpg
  artifactKey: Guid(a07aa84ab5880bb488b02156c0f94663) Importer(815301076,1909f56bfc062723c751e8b465ee728b)
Start importing Assets/Material_Metal_v2/4k JPEG/Metal_Feathers_01/Metal_Feathers_01_metallic.jpg using Guid(a07aa84ab5880bb488b02156c0f94663) Importer(815301076,1909f56bfc062723c751e8b465ee728b)  -> (artifact id: '2eee539faa76daa914f3f22952262e6a') in 0.045348 seconds
Number of updated asset objects reloaded before import = 0
Number of asset objects unloaded after import = 2
========================================================================
Received Import Request.
  Time since last request: 0.000044 seconds.
  path: Assets/Material_Metal_v2/4k JPEG/Metal_Feathers_01/Metal_Feathers_01_roughness.jpg
  artifactKey: Guid(a7db878e1b74bc54998dbc7cce7f24bf) Importer(815301076,1909f56bfc062723c751e8b465ee728b)
Start importing Assets/Material_Metal_v2/4k JPEG/Metal_Feathers_01/Metal_Feathers_01_roughness.jpg using Guid(a7db878e1b74bc54998dbc7cce7f24bf) Importer(815301076,1909f56bfc062723c751e8b465ee728b)  -> (artifact id: '0066a41bb37932d50d472e381f990003') in 0.044631 seconds
Number of updated asset objects reloaded before import = 0
Number of asset objects unloaded after import = 2
========================================================================
Received Import Request.
  Time since last request: 0.000019 seconds.
  path: Assets/Material_Metal_v2/4k JPEG/Metal_Feathers_01/Metal_Feathers_01_normal.jpg
  artifactKey: Guid(08507cbf3e89a7143acc30421f74b362) Importer(815301076,1909f56bfc062723c751e8b465ee728b)
Start importing Assets/Material_Metal_v2/4k JPEG/Metal_Feathers_01/Metal_Feathers_01_normal.jpg using Guid(08507cbf3e89a7143acc30421f74b362) Importer(815301076,1909f56bfc062723c751e8b465ee728b)  -> (artifact id: 'a784d156bd730966017d6462ee80468f') in 0.046016 seconds
Number of updated asset objects reloaded before import = 0
Number of asset objects unloaded after import = 2
========================================================================
Received Import Request.
  Time since last request: 2.402030 seconds.
  path: Assets/Material_Metal_v2/4k JPEG/Metal_Grid_01/Metal_Grid_01_basecolor.jpg
  artifactKey: Guid(c303844eca3e6274d81a8b92defcbc46) Importer(815301076,1909f56bfc062723c751e8b465ee728b)
Start importing Assets/Material_Metal_v2/4k JPEG/Metal_Grid_01/Metal_Grid_01_basecolor.jpg using Guid(c303844eca3e6274d81a8b92defcbc46) Importer(815301076,1909f56bfc062723c751e8b465ee728b)  -> (artifact id: '234dbf5d607da07771f30c29f00214e1') in 0.042796 seconds
Number of updated asset objects reloaded before import = 0
Number of asset objects unloaded after import = 2
========================================================================
Received Import Request.
  Time since last request: 0.000021 seconds.
  path: Assets/Material_Metal_v2/4k JPEG/Metal_Grid_01/Metal_Grid_01_opacity.jpg
  artifactKey: Guid(e27e9dccaa644dc438aef7a4328c7d76) Importer(815301076,1909f56bfc062723c751e8b465ee728b)
Start importing Assets/Material_Metal_v2/4k JPEG/Metal_Grid_01/Metal_Grid_01_opacity.jpg using Guid(e27e9dccaa644dc438aef7a4328c7d76) Importer(815301076,1909f56bfc062723c751e8b465ee728b)  -> (artifact id: '998d0265b2cd41b220efa0ee5cc656cc') in 0.037425 seconds
Number of updated asset objects reloaded before import = 0
Number of asset objects unloaded after import = 2
========================================================================
Received Import Request.
  Time since last request: 0.000065 seconds.
  path: Assets/Material_Metal_v2/4k JPEG/Metal_Grid_01/Metal_Grid_01_roughness.jpg
  artifactKey: Guid(6bf747228aae5764fbd01bee6a1aeca6) Importer(815301076,1909f56bfc062723c751e8b465ee728b)
Start importing Assets/Material_Metal_v2/4k JPEG/Metal_Grid_01/Metal_Grid_01_roughness.jpg using Guid(6bf747228aae5764fbd01bee6a1aeca6) Importer(815301076,1909f56bfc062723c751e8b465ee728b)  -> (artifact id: 'b7d48ad824e3a1f99e00b66e3390a463') in 0.050726 seconds
Number of updated asset objects reloaded before import = 0
Number of asset objects unloaded after import = 2
========================================================================
Received Import Request.
  Time since last request: 0.000029 seconds.
  path: Assets/Material_Metal_v2/4k JPEG/Metal_Grid_01/Metal_Grid_01_metallic.jpg
  artifactKey: Guid(a16157bd2da1def4eb7414f5bfb8ef4e) Importer(815301076,1909f56bfc062723c751e8b465ee728b)
Start importing Assets/Material_Metal_v2/4k JPEG/Metal_Grid_01/Metal_Grid_01_metallic.jpg using Guid(a16157bd2da1def4eb7414f5bfb8ef4e) Importer(815301076,1909f56bfc062723c751e8b465ee728b)  -> (artifact id: 'ab65d919cfca1fc7c5adddfb8761d6c6') in 0.051709 seconds
Number of updated asset objects reloaded before import = 0
Number of asset objects unloaded after import = 2
========================================================================
Received Import Request.
  Time since last request: 0.000085 seconds.
  path: Assets/Material_Metal_v2/4k JPEG/Metal_Grid_01/Metal_Grid_01_normal.jpg
  artifactKey: Guid(8904b853a068ca54aa99064cd3f3c59d) Importer(815301076,1909f56bfc062723c751e8b465ee728b)
Start importing Assets/Material_Metal_v2/4k JPEG/Metal_Grid_01/Metal_Grid_01_normal.jpg using Guid(8904b853a068ca54aa99064cd3f3c59d) Importer(815301076,1909f56bfc062723c751e8b465ee728b)  -> (artifact id: '7a6e856e2b26e2d2e2ed57b5355f5ff7') in 0.040876 seconds
Number of updated asset objects reloaded before import = 0
Number of asset objects unloaded after import = 2
========================================================================
Received Import Request.
  Time since last request: 17.336387 seconds.
  path: Assets/Material_Metal_v2/4k JPEG/Metal_Panels_01/Metal_Panels_01_basecolor.jpg
  artifactKey: Guid(4de9fb67572104e438e5f627297e1bcf) Importer(815301076,1909f56bfc062723c751e8b465ee728b)
Start importing Assets/Material_Metal_v2/4k JPEG/Metal_Panels_01/Metal_Panels_01_basecolor.jpg using Guid(4de9fb67572104e438e5f627297e1bcf) Importer(815301076,1909f56bfc062723c751e8b465ee728b)  -> (artifact id: '55b830300b77e4d9f976545da1673647') in 0.036484 seconds
Number of updated asset objects reloaded before import = 0
Number of asset objects unloaded after import = 2
========================================================================
Received Import Request.
  Time since last request: 0.000027 seconds.
  path: Assets/Material_Metal_v2/4k JPEG/Metal_Panels_01/Metal_Panels_01_normal.jpg
  artifactKey: Guid(b276dfbbc7fb15a478dc5a36f746cb5e) Importer(815301076,1909f56bfc062723c751e8b465ee728b)
Start importing Assets/Material_Metal_v2/4k JPEG/Metal_Panels_01/Metal_Panels_01_normal.jpg using Guid(b276dfbbc7fb15a478dc5a36f746cb5e) Importer(815301076,1909f56bfc062723c751e8b465ee728b)  -> (artifact id: '4481cb2cb1facafaded6bb12437e518f') in 0.044821 seconds
Number of updated asset objects reloaded before import = 0
Number of asset objects unloaded after import = 2
========================================================================
Received Import Request.
  Time since last request: 0.000040 seconds.
  path: Assets/Material_Metal_v2/4k JPEG/Metal_Panels_01/Metal_Panels_01_glossiness.jpg
  artifactKey: Guid(cafc645dd9002b54ab61d8806a37d98a) Importer(815301076,1909f56bfc062723c751e8b465ee728b)
Start importing Assets/Material_Metal_v2/4k JPEG/Metal_Panels_01/Metal_Panels_01_glossiness.jpg using Guid(cafc645dd9002b54ab61d8806a37d98a) Importer(815301076,1909f56bfc062723c751e8b465ee728b)  -> (artifact id: '53e0d72006d16c26a35f87a00270f862') in 0.046229 seconds
Number of updated asset objects reloaded before import = 0
Number of asset objects unloaded after import = 2
========================================================================
Received Import Request.
  Time since last request: 0.000025 seconds.
  path: Assets/Material_Metal_v2/4k JPEG/Metal_Panels_01/Metal_Panels_01_normalOGL.jpg
  artifactKey: Guid(ed34fad5e019f9442acdf73b10f322b4) Importer(815301076,1909f56bfc062723c751e8b465ee728b)
Start importing Assets/Material_Metal_v2/4k JPEG/Metal_Panels_01/Metal_Panels_01_normalOGL.jpg using Guid(ed34fad5e019f9442acdf73b10f322b4) Importer(815301076,1909f56bfc062723c751e8b465ee728b)  -> (artifact id: 'ba4f6d6e1c879f5c21e426971b34c31a') in 0.038602 seconds
Number of updated asset objects reloaded before import = 0
Number of asset objects unloaded after import = 2
========================================================================
Received Import Request.
  Time since last request: 10.587834 seconds.
  path: Assets/Material_Metal_v2/4k JPEG/Metal_Panels_01/Materials/Metal_Panels_01_glossiness.mat
  artifactKey: Guid(467f5407bf43e3841b577c3a2ac0cd8b) Importer(815301076,1909f56bfc062723c751e8b465ee728b)
Start importing Assets/Material_Metal_v2/4k JPEG/Metal_Panels_01/Materials/Metal_Panels_01_glossiness.mat using Guid(467f5407bf43e3841b577c3a2ac0cd8b) Importer(815301076,1909f56bfc062723c751e8b465ee728b)  -> (artifact id: 'b59481f11b96c94146ac64fb7d7235c3') in 0.095588 seconds
Number of updated asset objects reloaded before import = 0
Number of asset objects unloaded after import = 2
========================================================================
Received Import Request.
  Time since last request: 43.583877 seconds.
  path: Assets/Material_Metal_v2/4k JPEG/Metal_Tiles_01/Metal_Tiles_01_basecolor.jpg
  artifactKey: Guid(cfc7685e42d05d04a90b3d5074a27d7a) Importer(815301076,1909f56bfc062723c751e8b465ee728b)
Start importing Assets/Material_Metal_v2/4k JPEG/Metal_Tiles_01/Metal_Tiles_01_basecolor.jpg using Guid(cfc7685e42d05d04a90b3d5074a27d7a) Importer(815301076,1909f56bfc062723c751e8b465ee728b)  -> (artifact id: '3d2c9f73fde6362b9dad116888168142') in 0.040663 seconds
Number of updated asset objects reloaded before import = 0
Number of asset objects unloaded after import = 2
========================================================================
Received Import Request.
  Time since last request: 0.000021 seconds.
  path: Assets/Material_Metal_v2/4k JPEG/Metal_Tiles_01/Metal_Tiles_01_metallic.jpg
  artifactKey: Guid(422b81182d5fefa44a13c9fc272ef967) Importer(815301076,1909f56bfc062723c751e8b465ee728b)
Start importing Assets/Material_Metal_v2/4k JPEG/Metal_Tiles_01/Metal_Tiles_01_metallic.jpg using Guid(422b81182d5fefa44a13c9fc272ef967) Importer(815301076,1909f56bfc062723c751e8b465ee728b)  -> (artifact id: 'c1bbc758acee191022931132af9f2c4f') in 0.043287 seconds
Number of updated asset objects reloaded before import = 0
Number of asset objects unloaded after import = 2
========================================================================
Received Import Request.
  Time since last request: 0.000027 seconds.
  path: Assets/Material_Metal_v2/4k JPEG/Metal_Tiles_01/Metal_Tiles_01_height.jpg
  artifactKey: Guid(de6359525da649f48b20446be795ec55) Importer(815301076,1909f56bfc062723c751e8b465ee728b)
Start importing Assets/Material_Metal_v2/4k JPEG/Metal_Tiles_01/Metal_Tiles_01_height.jpg using Guid(de6359525da649f48b20446be795ec55) Importer(815301076,1909f56bfc062723c751e8b465ee728b)  -> (artifact id: '80936fc3644808c3f4956581a99344b3') in 0.043344 seconds
Number of updated asset objects reloaded before import = 0
Number of asset objects unloaded after import = 2
========================================================================
Received Import Request.
  Time since last request: 0.000146 seconds.
  path: Assets/Material_Metal_v2/4k JPEG/Metal_Tiles_01/Metal_Tiles_01_glossiness.jpg
  artifactKey: Guid(51748af7bac973540ae99a660a457d10) Importer(815301076,1909f56bfc062723c751e8b465ee728b)
Start importing Assets/Material_Metal_v2/4k JPEG/Metal_Tiles_01/Metal_Tiles_01_glossiness.jpg using Guid(51748af7bac973540ae99a660a457d10) Importer(815301076,1909f56bfc062723c751e8b465ee728b)  -> (artifact id: '158ccb283a1cb929188c89fd32d4a5ae') in 0.043224 seconds
Number of updated asset objects reloaded before import = 0
Number of asset objects unloaded after import = 2
========================================================================
Received Import Request.
  Time since last request: 56.167372 seconds.
  path: Assets/Material_Metal_v2/4k JPEG/Metal_Tiles_01/Materials/Metal_Tiles_01_glossiness.mat
  artifactKey: Guid(38bf55b6a4c9b084e8d07b04a1dc5aab) Importer(815301076,1909f56bfc062723c751e8b465ee728b)
Start importing Assets/Material_Metal_v2/4k JPEG/Metal_Tiles_01/Materials/Metal_Tiles_01_glossiness.mat using Guid(38bf55b6a4c9b084e8d07b04a1dc5aab) Importer(815301076,1909f56bfc062723c751e8b465ee728b)  -> (artifact id: '6d728c195e9d570f748575951a73f754') in 0.024325 seconds
Number of updated asset objects reloaded before import = 0
Number of asset objects unloaded after import = 2
========================================================================
Received Import Request.
  Time since last request: 0.000031 seconds.
  path: Assets/Material_Metal_v2/4k JPEG/Metal_Tiles_01/Materials/Metal_Tiles_01_height.mat
  artifactKey: Guid(a26b2d261e69c3a43a146a134ab011e0) Importer(815301076,1909f56bfc062723c751e8b465ee728b)
Start importing Assets/Material_Metal_v2/4k JPEG/Metal_Tiles_01/Materials/Metal_Tiles_01_height.mat using Guid(a26b2d261e69c3a43a146a134ab011e0) Importer(815301076,1909f56bfc062723c751e8b465ee728b)  -> (artifact id: '1a5529642b9cbec6199a9b3fbac50b35') in 0.027365 seconds
Number of updated asset objects reloaded before import = 0
Number of asset objects unloaded after import = 2
========================================================================
Received Import Request.
  Time since last request: 0.000062 seconds.
  path: Assets/Material_Metal_v2/4k JPEG/Metal_Tiles_01/Materials/Metal_Tiles_01_roughness.mat
  artifactKey: Guid(973dd26a488f606418d50814a3c716b3) Importer(815301076,1909f56bfc062723c751e8b465ee728b)
Start importing Assets/Material_Metal_v2/4k JPEG/Metal_Tiles_01/Materials/Metal_Tiles_01_roughness.mat using Guid(973dd26a488f606418d50814a3c716b3) Importer(815301076,1909f56bfc062723c751e8b465ee728b)  -> (artifact id: '0ec0eb8ad0f74c3fdac2b3787cc1640e') in 0.032088 seconds
Number of updated asset objects reloaded before import = 0
Number of asset objects unloaded after import = 2
========================================================================
Received Import Request.
  Time since last request: 0.000021 seconds.
  path: Assets/Material_Metal_v2/4k JPEG/Metal_Tiles_01/Materials/Metal_Tiles_01_metallic.mat
  artifactKey: Guid(b2e718fe3e1fde94f987f8d73e38f415) Importer(815301076,1909f56bfc062723c751e8b465ee728b)
Start importing Assets/Material_Metal_v2/4k JPEG/Metal_Tiles_01/Materials/Metal_Tiles_01_metallic.mat using Guid(b2e718fe3e1fde94f987f8d73e38f415) Importer(815301076,1909f56bfc062723c751e8b465ee728b)  -> (artifact id: '6d298a6c7abe2b1dad803b35c4cedc05') in 0.025063 seconds
Number of updated asset objects reloaded before import = 0
Number of asset objects unloaded after import = 2
========================================================================
Received Import Request.
  Time since last request: 51.744720 seconds.
  path: Assets/Material_Metal_v2/4k JPEG/Metal_Tiles_02/Metal_Tiles_02_basecolor.jpg
  artifactKey: Guid(97bb076295a0a0c4ab747fc73e482198) Importer(815301076,1909f56bfc062723c751e8b465ee728b)
Start importing Assets/Material_Metal_v2/4k JPEG/Metal_Tiles_02/Metal_Tiles_02_basecolor.jpg using Guid(97bb076295a0a0c4ab747fc73e482198) Importer(815301076,1909f56bfc062723c751e8b465ee728b)  -> (artifact id: '3bded2e1cc651823e86eaea131b92b97') in 0.039476 seconds
Number of updated asset objects reloaded before import = 0
Number of asset objects unloaded after import = 2
========================================================================
Received Import Request.
  Time since last request: 0.000025 seconds.
  path: Assets/Material_Metal_v2/4k JPEG/Metal_Tiles_02/Metal_Tiles_02_height.jpg
  artifactKey: Guid(3c2ca663c8c61fe4f9b2a123fdb4f05c) Importer(815301076,1909f56bfc062723c751e8b465ee728b)
Start importing Assets/Material_Metal_v2/4k JPEG/Metal_Tiles_02/Metal_Tiles_02_height.jpg using Guid(3c2ca663c8c61fe4f9b2a123fdb4f05c) Importer(815301076,1909f56bfc062723c751e8b465ee728b)  -> (artifact id: 'a4c67487eb10fe5a488566823ba2e380') in 0.056039 seconds
Number of updated asset objects reloaded before import = 0
Number of asset objects unloaded after import = 2
========================================================================
Received Import Request.
  Time since last request: 0.000032 seconds.
  path: Assets/Material_Metal_v2/4k JPEG/Metal_Tiles_02/Metal_Tiles_02_normalOGL.jpg
  artifactKey: Guid(9d73dbd1292556f43b3a217cd8532b62) Importer(815301076,1909f56bfc062723c751e8b465ee728b)
Start importing Assets/Material_Metal_v2/4k JPEG/Metal_Tiles_02/Metal_Tiles_02_normalOGL.jpg using Guid(9d73dbd1292556f43b3a217cd8532b62) Importer(815301076,1909f56bfc062723c751e8b465ee728b)  -> (artifact id: 'ca12298a9b719ac787d4b4498be5de8b') in 0.056096 seconds
Number of updated asset objects reloaded before import = 0
Number of asset objects unloaded after import = 2
========================================================================
Received Import Request.
  Time since last request: 0.000021 seconds.
  path: Assets/Material_Metal_v2/4k JPEG/Metal_Tiles_02/Metal_Tiles_02_normal.jpg
  artifactKey: Guid(c371fdb500d10784dac9b6454ef2601a) Importer(815301076,1909f56bfc062723c751e8b465ee728b)
Start importing Assets/Material_Metal_v2/4k JPEG/Metal_Tiles_02/Metal_Tiles_02_normal.jpg using Guid(c371fdb500d10784dac9b6454ef2601a) Importer(815301076,1909f56bfc062723c751e8b465ee728b)  -> (artifact id: '0735a58375b9e4be85e40400a23a07e7') in 0.042667 seconds
Number of updated asset objects reloaded before import = 0
Number of asset objects unloaded after import = 2
========================================================================
Received Import Request.
  Time since last request: 8.332357 seconds.
  path: Assets/Material_Metal_v2/4k JPEG/Metal_Floor_01/Metal_Floor_01_basecolor.jpg
  artifactKey: Guid(789a690f6194e944e85100d9ed0ffb61) Importer(815301076,1909f56bfc062723c751e8b465ee728b)
Start importing Assets/Material_Metal_v2/4k JPEG/Metal_Floor_01/Metal_Floor_01_basecolor.jpg using Guid(789a690f6194e944e85100d9ed0ffb61) Importer(815301076,1909f56bfc062723c751e8b465ee728b)  -> (artifact id: 'f90904674dbc69ae8e203c0fd9a139b8') in 0.042728 seconds
Number of updated asset objects reloaded before import = 0
Number of asset objects unloaded after import = 2
========================================================================
Received Import Request.
  Time since last request: 0.000033 seconds.
  path: Assets/Material_Metal_v2/4k JPEG/Metal_Floor_01/Metal_Floor_01_normalOGL.jpg
  artifactKey: Guid(ca5a861d050fc1b4fa3bec071fd280d3) Importer(815301076,1909f56bfc062723c751e8b465ee728b)
Start importing Assets/Material_Metal_v2/4k JPEG/Metal_Floor_01/Metal_Floor_01_normalOGL.jpg using Guid(ca5a861d050fc1b4fa3bec071fd280d3) Importer(815301076,1909f56bfc062723c751e8b465ee728b)  -> (artifact id: 'ae896c88ecdeeca5bc7f23bb7b6395dc') in 0.045016 seconds
Number of updated asset objects reloaded before import = 0
Number of asset objects unloaded after import = 2
========================================================================
Received Import Request.
  Time since last request: 0.000038 seconds.
  path: Assets/Material_Metal_v2/4k JPEG/Metal_Floor_01/Metal_Floor_01_glossiness.jpg
  artifactKey: Guid(de038354cd15019418c6b8788c1b07e3) Importer(815301076,1909f56bfc062723c751e8b465ee728b)
Start importing Assets/Material_Metal_v2/4k JPEG/Metal_Floor_01/Metal_Floor_01_glossiness.jpg using Guid(de038354cd15019418c6b8788c1b07e3) Importer(815301076,1909f56bfc062723c751e8b465ee728b)  -> (artifact id: '45d67002e4383bc55f2139f1f5f50426') in 0.050889 seconds
Number of updated asset objects reloaded before import = 0
Number of asset objects unloaded after import = 2
========================================================================
Received Import Request.
  Time since last request: 0.000029 seconds.
  path: Assets/Material_Metal_v2/4k JPEG/Metal_Floor_01/Metal_Floor_01_normal.jpg
  artifactKey: Guid(3c19483af1b02b0478a4009c1c7bd0b1) Importer(815301076,1909f56bfc062723c751e8b465ee728b)
Start importing Assets/Material_Metal_v2/4k JPEG/Metal_Floor_01/Metal_Floor_01_normal.jpg using Guid(3c19483af1b02b0478a4009c1c7bd0b1) Importer(815301076,1909f56bfc062723c751e8b465ee728b)  -> (artifact id: 'a1b8d8b6422a70d440f0119e2ea25a61') in 0.045534 seconds
Number of updated asset objects reloaded before import = 0
Number of asset objects unloaded after import = 2
========================================================================
Received Import Request.
  Time since last request: 5.954949 seconds.
  path: Assets/Material_Metal_v2/4k JPEG/Metal_Ornament_01/Metal_Ornament_01_basecolor.jpg
  artifactKey: Guid(14cabb0ced63b334d8c7eaf065fa445b) Importer(815301076,1909f56bfc062723c751e8b465ee728b)
Start importing Assets/Material_Metal_v2/4k JPEG/Metal_Ornament_01/Metal_Ornament_01_basecolor.jpg using Guid(14cabb0ced63b334d8c7eaf065fa445b) Importer(815301076,1909f56bfc062723c751e8b465ee728b)  -> (artifact id: 'e1c31b438a55fc969a1d50971d4b1f75') in 0.039692 seconds
Number of updated asset objects reloaded before import = 0
Number of asset objects unloaded after import = 2
========================================================================
Received Import Request.
  Time since last request: 0.000019 seconds.
  path: Assets/Material_Metal_v2/4k JPEG/Metal_Ornament_01/Metal_Ornament_01_normal.jpg
  artifactKey: Guid(81a94146e424a7c4d8c0f7843921e130) Importer(815301076,1909f56bfc062723c751e8b465ee728b)
Start importing Assets/Material_Metal_v2/4k JPEG/Metal_Ornament_01/Metal_Ornament_01_normal.jpg using Guid(81a94146e424a7c4d8c0f7843921e130) Importer(815301076,1909f56bfc062723c751e8b465ee728b)  -> (artifact id: '8624bc67f8fa9d446bbf7c40f11fdaec') in 0.052448 seconds
Number of updated asset objects reloaded before import = 0
Number of asset objects unloaded after import = 2
========================================================================
Received Import Request.
  Time since last request: 0.000060 seconds.
  path: Assets/Material_Metal_v2/4k JPEG/Metal_Ornament_01/Metal_Ornament_01_roughness.jpg
  artifactKey: Guid(c84476e8ab86f0746af44238feb269fe) Importer(815301076,1909f56bfc062723c751e8b465ee728b)
Start importing Assets/Material_Metal_v2/4k JPEG/Metal_Ornament_01/Metal_Ornament_01_roughness.jpg using Guid(c84476e8ab86f0746af44238feb269fe) Importer(815301076,1909f56bfc062723c751e8b465ee728b)  -> (artifact id: 'ec701c682c0a4e33f9638e5e58543cf9') in 0.048209 seconds
Number of updated asset objects reloaded before import = 0
Number of asset objects unloaded after import = 2
========================================================================
Received Import Request.
  Time since last request: 0.000039 seconds.
  path: Assets/Material_Metal_v2/4k JPEG/Metal_Ornament_01/Metal_Ornament_01_height.jpg
  artifactKey: Guid(1e779a2df823e5a4796eadf94335a8b0) Importer(815301076,1909f56bfc062723c751e8b465ee728b)
Start importing Assets/Material_Metal_v2/4k JPEG/Metal_Ornament_01/Metal_Ornament_01_height.jpg using Guid(1e779a2df823e5a4796eadf94335a8b0) Importer(815301076,1909f56bfc062723c751e8b465ee728b)  -> (artifact id: '69502dee0b8298df26cf20a5bb4d5fc7') in 0.051092 seconds
Number of updated asset objects reloaded before import = 0
Number of asset objects unloaded after import = 2
========================================================================
Received Import Request.
  Time since last request: 6.968186 seconds.
  path: Assets/Material_Metal_v2/4k JPEG/Metal_Ornament_01/Materials/Metal_Ornament_01_glossiness.mat
  artifactKey: Guid(567d3af846287f34b98c98f780de40b7) Importer(815301076,1909f56bfc062723c751e8b465ee728b)
Start importing Assets/Material_Metal_v2/4k JPEG/Metal_Ornament_01/Materials/Metal_Ornament_01_glossiness.mat using Guid(567d3af846287f34b98c98f780de40b7) Importer(815301076,1909f56bfc062723c751e8b465ee728b)  -> (artifact id: '4336c45759ddb58d1881c1a733a7adf7') in 0.027784 seconds
Number of updated asset objects reloaded before import = 0
Number of asset objects unloaded after import = 2
========================================================================
Received Import Request.
  Time since last request: 710.092140 seconds.
  path: Assets/Material_Metal_v2/4k JPEG/Metal_Floor_01/Materials/Metal_Floor_01_basecolor.mat
  artifactKey: Guid(161f04a9e6f102b45a8c962f9ae55021) Importer(815301076,1909f56bfc062723c751e8b465ee728b)
Start importing Assets/Material_Metal_v2/4k JPEG/Metal_Floor_01/Materials/Metal_Floor_01_basecolor.mat using Guid(161f04a9e6f102b45a8c962f9ae55021) Importer(815301076,1909f56bfc062723c751e8b465ee728b)  -> (artifact id: '225a9dbe6ee15d84cc3f1c44ddf84a76') in 0.034085 seconds
Number of updated asset objects reloaded before import = 0
Number of asset objects unloaded after import = 2
========================================================================
Received Import Request.
  Time since last request: 926.949390 seconds.
  path: Assets/Medieval_Gold/1_ignot.FBX
  artifactKey: Guid(f61e2c06933fe5145a42eccb1e13acc7) Importer(815301076,1909f56bfc062723c751e8b465ee728b)
Start importing Assets/Medieval_Gold/1_ignot.FBX using Guid(f61e2c06933fe5145a42eccb1e13acc7) Importer(815301076,1909f56bfc062723c751e8b465ee728b)  -> (artifact id: '171b67979504550a65b67428ecaafae1') in 0.181060 seconds
Number of updated asset objects reloaded before import = 0
Number of asset objects unloaded after import = 13
========================================================================
Received Import Request.
  Time since last request: 0.000060 seconds.
  path: Assets/Medieval_Gold/Coins.FBX
  artifactKey: Guid(e5a1087c565204f42969686d1df0633d) Importer(815301076,1909f56bfc062723c751e8b465ee728b)
Start importing Assets/Medieval_Gold/Coins.FBX using Guid(e5a1087c565204f42969686d1df0633d) Importer(815301076,1909f56bfc062723c751e8b465ee728b)  -> (artifact id: 'ec78f51f6f533e879ee6fbb345ec06c9') in 0.395845 seconds
Number of updated asset objects reloaded before import = 0
Number of asset objects unloaded after import = 110
